Arguments: 
  C:\Program Files\nodejs\node.exe C:\Users\User-ПК\AppData\Roaming\npm\node_modules\yarn\bin\yarn.js add react-render-html

PATH: 
  C:\Users\User-ПК\bin;C:\Program Files\Git\mingw64\bin;C:\Program Files\Git\usr\local\bin;C:\Program Files\Git\usr\bin;C:\Program Files\Git\usr\bin;C:\Program Files\Git\mingw64\bin;C:\Program Files\Git\usr\bin;C:\Users\User-ПК\bin;C:\WINDOWS\system32;C:\WINDOWS;C:\WINDOWS\System32\Wbem;C:\WINDOWS\System32\WindowsPowerShell\v1.0;C:\WINDOWS\System32\OpenSSH;C:\Program Files\dotnet;C:\Program Files (x86)\dotnet;C:\Program Files\Git\cmd;C:\Program Files\nodejs;C:\Users\User-ПК\AppData\Local\Microsoft\WindowsApps;C:\Program Files\JetBrains\PyCharm 2021.2.1\bin;C:\Program Files\heroku\bin;C:\Users\User-ПК\AppData\Local\Programs\Microsoft VS Code\bin;C:\Users\User-ПК\AppData\Roaming\npm;C:\Program Files\Git\usr\bin\vendor_perl;C:\Program Files\Git\usr\bin\core_perl

Yarn version: 
  1.22.19

Node version: 
  18.18.0

Platform: 
  win32 x64

Trace: 
  Error: https://registry.yarnpkg.com/@mui/icons-material/-/icons-material-5.14.12.tgz: ESOCKETTIMEDOUT
      at ClientRequest.<anonymous> (C:\Users\User-ПК\AppData\Roaming\npm\node_modules\yarn\lib\cli.js:141517:19)
      at Object.onceWrapper (node:events:631:28)
      at ClientRequest.emit (node:events:517:28)
      at TLSSocket.emitRequestTimeout (node:_http_client:847:9)
      at Object.onceWrapper (node:events:631:28)
      at TLSSocket.emit (node:events:529:35)
      at Socket._onTimeout (node:net:598:8)
      at listOnTimeout (node:internal/timers:569:17)
      at process.processTimers (node:internal/timers:512:7)

npm manifest: 
  {
    "name": "youtube-clone",
    "private": true,
    "version": "0.0.0",
    "type": "module",
    "scripts": {
      "dev": "vite",
      "build": "vite build",
      "lint": "eslint . --ext js,jsx --report-unused-disable-directives --max-warnings 0",
      "preview": "vite preview"
    },
    "dependencies": {
      "@emotion/react": "^11.11.1",
      "@emotion/styled": "^11.11.0",
      "@fontsource/roboto": "^5.0.8",
      "@mui/icons-material": "^5.14.12",
      "@mui/material": "^5.14.12",
      "axios": "^1.5.1",
      "moment": "^2.29.4",
      "react": "^18.2.0",
      "react-dom": "^18.2.0",
      "react-player": "^2.13.0",
      "react-router-dom": "^6.16.0"
    },
    "devDependencies": {
      "@types/react": "^18.2.15",
      "@types/react-dom": "^18.2.7",
      "@vitejs/plugin-react": "^4.0.3",
      "eslint": "^8.45.0",
      "eslint-plugin-react": "^7.32.2",
      "eslint-plugin-react-hooks": "^4.6.0",
      "eslint-plugin-react-refresh": "^0.4.3",
      "vite": "^4.4.5"
    }
  }

yarn manifest: 
  No manifest

Lockfile: 
  No lockfile
